<?xml version="1.0" encoding="UTF-8"?>
<!-- Generated by org.testng.reporters.JUnitReportReporter -->
<testsuite hostname="UAESJMFG990707" failures="0" tests="1" name="TestNGframes.testingannotations" time="0.010" errors="0" timestamp="2024-09-06T10:54:59 IST" skipped="0">
  <testcase classname="TestNGframes.testingannotations" name="test2" time="0.010"/>
</testsuite> <!-- TestNGframes.testingannotations -->
