<?xml version="1.0" encoding="UTF-8"?>
<!-- Generated by org.testng.reporters.JUnitReportReporter -->
<testsuite hostname="UAESJMFG990707" failures="0" tests="2" name="TestNGframes.medlabnewtest" time="48.949" errors="0" timestamp="2024-09-04T12:10:44 IST" skipped="0">
  <testcase classname="TestNGframes.medlabnewtest" name="f" time="6.920"/>
  <testcase classname="TestNGframes.medlabnewtest" name="a" time="42.029"/>
</testsuite> <!-- TestNGframes.medlabnewtest -->
