<?xml version="1.0" encoding="UTF-8"?>
<!-- Generated by org.testng.reporters.JUnitReportReporter -->
<testsuite hostname="UAESJMFG990707" failures="0" tests="2" name="selinium_automation.testingannotations" time="0.013" errors="0" timestamp="2024-09-06T10:45:31 IST" skipped="0">
  <testcase classname="selinium_automation.testingannotations" name="test2" time="0.003"/>
  <testcase classname="selinium_automation.testingannotations" name="test1" time="0.010"/>
</testsuite> <!-- selinium_automation.testingannotations -->
