<?xml version="1.0" encoding="UTF-8"?>
<!-- Generated by org.testng.reporters.JUnitReportReporter -->
<testsuite hostname="UAESJMFG990707" failures="0" tests="2" name="TestNGframes.dataproviderclass" time="68.114" errors="0" timestamp="2024-09-06T12:24:22 IST" skipped="0">
  <testcase classname="TestNGframes.dataproviderclass" name="test" time="30.965"/>
  <testcase classname="TestNGframes.dataproviderclass" name="test" time="37.149"/>
</testsuite> <!-- TestNGframes.dataproviderclass -->
