<?xml version="1.0" encoding="UTF-8"?>
<!-- Generated by org.testng.reporters.JUnitReportReporter -->
<testsuite hostname="UAESJMFG990707" failures="0" tests="3" name="TestNGframes.skiptestNG" time="0.018" errors="0" timestamp="2024-09-06T12:14:41 IST" skipped="2">
  <testcase classname="TestNGframes.skiptestNG" name="f2" time="0.015">
    <skipped/>
  </testcase> <!-- f2 -->
  <testcase classname="TestNGframes.skiptestNG" name="f3" time="0.003"/>
  <testcase classname="TestNGframes.skiptestNG" name="f1">
    <skipped/>
  </testcase> <!-- f1 -->
</testsuite> <!-- TestNGframes.skiptestNG -->
